
heart_beat_kill_pid = 38641
heart_beat_timeout = 11
heart: Tue Jul 14 01:14:16 2015: heart-beat time-out, no activity for 183 seconds
heart: Tue Jul 14 01:14:17 2015: Executed "/usr/local/Cellar/couchdb/1.6.1_2/bin/couchdb -k" -> 0. Terminating.

heart_beat_kill_pid = 42671
heart_beat_timeout = 11
heart: Tue Jul 14 09:25:16 2015: heart-beat time-out, no activity for 41 seconds
heart: Tue Jul 14 09:25:18 2015: Executed "/usr/local/Cellar/couchdb/1.6.1_2/bin/couchdb -k" -> 0. Terminating.

heart_beat_kill_pid = 47460
heart_beat_timeout = 11
heart: Tue Jul 14 11:09:24 2015: Erlang has closed.
heart: Tue Jul 14 11:09:24 2015: Executed "/usr/local/Cellar/couchdb/1.6.1_2/bin/couchdb -k" -> 0. Terminating.

heart_beat_kill_pid = 47733
heart_beat_timeout = 11
heart: Tue Jul 14 11:36:14 2015: heart-beat time-out, no activity for 26 seconds
heart: Tue Jul 14 11:36:15 2015: Executed "/usr/local/Cellar/couchdb/1.6.1_2/bin/couchdb -k" -> 0. Terminating.

heart_beat_kill_pid = 48667
heart_beat_timeout = 11
heart: Tue Jul 14 12:33:58 2015: heart-beat time-out, no activity for 229 seconds
heart: Tue Jul 14 12:33:59 2015: Executed "/usr/local/Cellar/couchdb/1.6.1_2/bin/couchdb -k" -> 0. Terminating.

heart_beat_kill_pid = 49826
heart_beat_timeout = 11
heart: Tue Jul 14 13:28:57 2015: heart-beat time-out, no activity for 344 seconds
heart: Tue Jul 14 13:28:58 2015: Executed "/usr/local/Cellar/couchdb/1.6.1_2/bin/couchdb -k" -> 0. Terminating.

heart_beat_kill_pid = 50561
heart_beat_timeout = 11
